INFO   info.magnolia.module.activation.BaseSyndicatorImpl 06.10.2015 10:31:48 -- Exchange: activation succeeded [/travel/about]
INFO   info.magnolia.module.activation.BaseSyndicatorImpl 06.10.2015 10:33:07 -- Exchange: activation succeeded [/travel/about]
INFO   info.magnolia.module.activation.BaseSyndicatorImpl 06.10.2015 10:36:09 -- Exchange: activation succeeded [/server/activation/subscribers/magnoliaPublic8081]
INFO   info.magnolia.module.activation.BaseSyndicatorImpl 06.10.2015 10:37:24 -- Exchange: activation succeeded [/server/activation/subscribers/magnoliaPublic8081]
INFO   info.magnolia.module.activation.BaseSyndicatorImpl 06.10.2015 10:39:01 -- Exchange: activation succeeded [/server/activation/subscribers/magnoliaPublic8081/subscriptions]
INFO   info.magnolia.module.activation.BaseSyndicatorImpl 06.10.2015 10:39:10 -- Exchange: activation succeeded [/server/activation/subscribers/magnoliaPublic8080]
INFO   info.magnolia.module.activation.BaseSyndicatorImpl 06.10.2015 10:48:13 -- Exchange: activation succeeded [/server/activation/subscribers]
INFO   info.magnolia.module.activation.BaseSyndicatorImpl 06.10.2015 10:48:48 -- Exchange: activation succeeded [/travel/about]
ERROR  info.magnolia.module.activation.ExchangeTask 06.10.2015 10:52:22 -- Failed to deactivate content.
info.magnolia.cms.exchange.ExchangeException: Message received from subscriber: Parent content /server/activation/subscribers/magnoliaPublic8081/subscriptions is not yet activated or you do not have write access to it. Please activate the parent content before activating children and ensure you have appropriate rights
	at info.magnolia.module.activation.BaseSyndicatorImpl.activate(BaseSyndicatorImpl.java:426)
	at info.magnolia.module.activation.SimpleSyndicator$2.runTask(SimpleSyndicator.java:135)
	at info.magnolia.module.activation.ExchangeTask.run(ExchangeTask.java:75)
	at EDU.oswego.cs.dl.util.concurrent.PooledExecutor$Worker.run(Unknown Source)
	at java.lang.Thread.run(Thread.java:745)
ERROR  info.magnolia.module.activation.SimpleSyndicator 06.10.2015 10:52:22 -- Message received from subscriber: Parent content /server/activation/subscribers/magnoliaPublic8081/subscriptions is not yet activated or you do not have write access to it. Please activate the parent content before activating children and ensure you have appropriate rights
info.magnolia.cms.exchange.ExchangeException: Message received from subscriber: Parent content /server/activation/subscribers/magnoliaPublic8081/subscriptions is not yet activated or you do not have write access to it. Please activate the parent content before activating children and ensure you have appropriate rights
	at info.magnolia.module.activation.BaseSyndicatorImpl.activate(BaseSyndicatorImpl.java:426)
	at info.magnolia.module.activation.SimpleSyndicator$2.runTask(SimpleSyndicator.java:135)
	at info.magnolia.module.activation.ExchangeTask.run(ExchangeTask.java:75)
	at EDU.oswego.cs.dl.util.concurrent.PooledExecutor$Worker.run(Unknown Source)
	at java.lang.Thread.run(Thread.java:745)
ERROR  info.magnolia.module.activation.ExchangeTask 06.10.2015 10:52:46 -- Failed to deactivate content.
info.magnolia.cms.exchange.ExchangeException: Message received from subscriber: Parent content /server/activation/subscribers/magnoliaPublic8081/subscriptions is not yet activated or you do not have write access to it. Please activate the parent content before activating children and ensure you have appropriate rights
	at info.magnolia.module.activation.BaseSyndicatorImpl.activate(BaseSyndicatorImpl.java:426)
	at info.magnolia.module.activation.SimpleSyndicator$2.runTask(SimpleSyndicator.java:135)
	at info.magnolia.module.activation.ExchangeTask.run(ExchangeTask.java:75)
	at EDU.oswego.cs.dl.util.concurrent.PooledExecutor$Worker.run(Unknown Source)
	at java.lang.Thread.run(Thread.java:745)
ERROR  info.magnolia.module.activation.SimpleSyndicator 06.10.2015 10:52:46 -- Message received from subscriber: Parent content /server/activation/subscribers/magnoliaPublic8081/subscriptions is not yet activated or you do not have write access to it. Please activate the parent content before activating children and ensure you have appropriate rights
info.magnolia.cms.exchange.ExchangeException: Message received from subscriber: Parent content /server/activation/subscribers/magnoliaPublic8081/subscriptions is not yet activated or you do not have write access to it. Please activate the parent content before activating children and ensure you have appropriate rights
	at info.magnolia.module.activation.BaseSyndicatorImpl.activate(BaseSyndicatorImpl.java:426)
	at info.magnolia.module.activation.SimpleSyndicator$2.runTask(SimpleSyndicator.java:135)
	at info.magnolia.module.activation.ExchangeTask.run(ExchangeTask.java:75)
	at EDU.oswego.cs.dl.util.concurrent.PooledExecutor$Worker.run(Unknown Source)
	at java.lang.Thread.run(Thread.java:745)
ERROR  info.magnolia.module.activation.ExchangeTask 06.10.2015 11:12:49 -- Failed to deactivate content.
info.magnolia.cms.exchange.ExchangeException: Message received from subscriber: Parent content /server/activation/subscribers/magnoliaPublic8081/subscriptions is not yet activated or you do not have write access to it. Please activate the parent content before activating children and ensure you have appropriate rights
	at info.magnolia.module.activation.BaseSyndicatorImpl.activate(BaseSyndicatorImpl.java:426)
	at info.magnolia.module.activation.SimpleSyndicator$2.runTask(SimpleSyndicator.java:135)
	at info.magnolia.module.activation.ExchangeTask.run(ExchangeTask.java:75)
	at EDU.oswego.cs.dl.util.concurrent.PooledExecutor$Worker.run(Unknown Source)
	at java.lang.Thread.run(Thread.java:745)
ERROR  info.magnolia.module.activation.SimpleSyndicator 06.10.2015 11:12:49 -- Message received from subscriber: Parent content /server/activation/subscribers/magnoliaPublic8081/subscriptions is not yet activated or you do not have write access to it. Please activate the parent content before activating children and ensure you have appropriate rights
info.magnolia.cms.exchange.ExchangeException: Message received from subscriber: Parent content /server/activation/subscribers/magnoliaPublic8081/subscriptions is not yet activated or you do not have write access to it. Please activate the parent content before activating children and ensure you have appropriate rights
	at info.magnolia.module.activation.BaseSyndicatorImpl.activate(BaseSyndicatorImpl.java:426)
	at info.magnolia.module.activation.SimpleSyndicator$2.runTask(SimpleSyndicator.java:135)
	at info.magnolia.module.activation.ExchangeTask.run(ExchangeTask.java:75)
	at EDU.oswego.cs.dl.util.concurrent.PooledExecutor$Worker.run(Unknown Source)
	at java.lang.Thread.run(Thread.java:745)
INFO   info.magnolia.module.activation.BaseSyndicatorImpl 06.10.2015 11:14:10 -- Exchange: activation succeeded [/server/activation/subscribers/saeedVM8080]
INFO   info.magnolia.module.activation.BaseSyndicatorImpl 06.10.2015 11:14:17 -- Exchange: activation succeeded [/server/activation/subscribers/saeedVM8080/subscriptions]
INFO   info.magnolia.module.activation.BaseSyndicatorImpl 06.10.2015 11:14:20 -- Exchange: activation succeeded [/server/activation/subscribers/saeedVM8080/subscriptions/exampleSubSiteSubscription]
INFO   info.magnolia.module.activation.BaseSyndicatorImpl 06.10.2015 11:14:25 -- Exchange: activation succeeded [/server/activation/subscribers/saeedVM8080/subscriptions/websiteSubscription]
INFO   info.magnolia.module.activation.BaseSyndicatorImpl 06.10.2015 11:14:27 -- Exchange: activation succeeded [/server/activation/subscribers/saeedVM8080/subscriptions/configSubscription]
INFO   info.magnolia.module.activation.BaseSyndicatorImpl 06.10.2015 11:14:30 -- Exchange: activation succeeded [/server/activation/subscribers/saeedVM8080/subscriptions/usersSubscription]
INFO   info.magnolia.module.activation.BaseSyndicatorImpl 06.10.2015 11:14:35 -- Exchange: activation succeeded [/server/activation/subscribers/saeedVM8080/subscriptions/userRolesSubscription]
INFO   info.magnolia.module.activation.BaseSyndicatorImpl 06.10.2015 11:14:37 -- Exchange: activation succeeded [/server/activation/subscribers/saeedVM8080/subscriptions/userGroupsSubscription]
INFO   info.magnolia.module.activation.BaseSyndicatorImpl 06.10.2015 11:14:39 -- Exchange: activation succeeded [/server/activation/subscribers/saeedVM8080/subscriptions/resources]
INFO   info.magnolia.module.activation.BaseSyndicatorImpl 06.10.2015 11:14:41 -- Exchange: activation succeeded [/server/activation/subscribers/saeedVM8080/subscriptions/dms]
INFO   info.magnolia.module.activation.BaseSyndicatorImpl 06.10.2015 11:14:43 -- Exchange: activation succeeded [/server/activation/subscribers/saeedVM8080/subscriptions/dam]
INFO   info.magnolia.module.activation.BaseSyndicatorImpl 06.10.2015 11:14:45 -- Exchange: activation succeeded [/server/activation/subscribers/saeedVM8080/subscriptions/imaging]
INFO   info.magnolia.module.activation.BaseSyndicatorImpl 06.10.2015 11:14:47 -- Exchange: activation succeeded [/server/activation/subscribers/saeedVM8080/subscriptions/tasks]
INFO   info.magnolia.module.activation.BaseSyndicatorImpl 06.10.2015 11:15:08 -- Exchange: activation succeeded [/server/activation/subscribers/saeedVM8080/subscriptions/messages]
INFO   info.magnolia.module.activation.BaseSyndicatorImpl 06.10.2015 11:15:10 -- Exchange: activation succeeded [/server/activation/subscribers/saeedVM8080/subscriptions/profiles]
INFO   info.magnolia.module.activation.BaseSyndicatorImpl 06.10.2015 11:15:12 -- Exchange: activation succeeded [/server/activation/subscribers/saeedVM8080/subscriptions/scripts]
INFO   info.magnolia.module.activation.BaseSyndicatorImpl 06.10.2015 11:15:14 -- Exchange: activation succeeded [/server/activation/subscribers/saeedVM8080/subscriptions/templates]
INFO   info.magnolia.module.activation.BaseSyndicatorImpl 06.10.2015 11:15:16 -- Exchange: activation succeeded [/server/activation/subscribers/saeedVM8080/subscriptions/contacts]
INFO   info.magnolia.module.activation.BaseSyndicatorImpl 06.10.2015 11:15:17 -- Exchange: activation succeeded [/server/activation/subscribers/saeedVM8080/subscriptions/forum]
INFO   info.magnolia.module.activation.BaseSyndicatorImpl 06.10.2015 11:15:19 -- Exchange: activation succeeded [/server/activation/subscribers/saeedVM8080/subscriptions/googleSitemaps]
INFO   info.magnolia.module.activation.BaseSyndicatorImpl 06.10.2015 11:15:21 -- Exchange: activation succeeded [/server/activation/subscribers/saeedVM8080/subscriptions/rss]
INFO   info.magnolia.module.activation.BaseSyndicatorImpl 06.10.2015 11:15:23 -- Exchange: activation succeeded [/server/activation/subscribers/saeedVM8080/subscriptions/category]
INFO   info.magnolia.module.activation.BaseSyndicatorImpl 06.10.2015 11:15:26 -- Exchange: activation succeeded [/server/activation/subscribers/saeedVM8080/subscriptions/tours]
INFO   info.magnolia.module.activation.BaseSyndicatorImpl 06.10.2015 11:16:15 -- Exchange: activation succeeded [/travel/about]
INFO   info.magnolia.module.activation.BaseSyndicatorImpl 06.10.2015 11:18:18 -- Exchange: activation succeeded [/travel/about]
INFO   info.magnolia.module.activation.BaseSyndicatorImpl 06.10.2015 11:20:10 -- Exchange: activation succeeded [/travel/about]
INFO   info.magnolia.module.activation.BaseSyndicatorImpl 06.10.2015 11:21:29 -- Exchange: activation succeeded [/server/activation/subscribers/saeedVM8080]
INFO   info.magnolia.module.activation.BaseSyndicatorImpl 06.10.2015 11:22:22 -- Exchange: activation succeeded [/server/activation/subscribers/saeedVM8080/subscriptions]
INFO   info.magnolia.module.activation.BaseSyndicatorImpl 06.10.2015 11:23:04 -- Exchange: activation succeeded [/travel/contact]
INFO   info.magnolia.module.activation.BaseSyndicatorImpl 06.10.2015 11:23:16 -- Exchange: activation succeeded [/travel/tour]
INFO   info.magnolia.module.activation.BaseSyndicatorImpl 06.10.2015 11:23:20 -- Exchange: activation succeeded [/travel]
INFO   info.magnolia.module.activation.BaseSyndicatorImpl 06.10.2015 11:23:23 -- Exchange: activation succeeded [/travel/destination]
INFO   info.magnolia.module.activation.BaseSyndicatorImpl 06.10.2015 11:23:26 -- Exchange: activation succeeded [/travel/destination]
INFO   info.magnolia.module.activation.BaseSyndicatorImpl 06.10.2015 11:24:03 -- Exchange: activation succeeded [/server]
INFO   info.magnolia.module.activation.BaseSyndicatorImpl 06.10.2015 11:24:10 -- Exchange: activation succeeded [/server]
INFO   info.magnolia.module.activation.BaseSyndicatorImpl 06.10.2015 11:24:13 -- Exchange: activation succeeded [/modules]
INFO   info.magnolia.module.activation.BaseSyndicatorImpl 06.10.2015 11:24:18 -- Exchange: activation succeeded [/server/filters]
INFO   info.magnolia.module.activation.BaseSyndicatorImpl 06.10.2015 11:24:20 -- Exchange: activation succeeded [/server/IPConfig]
INFO   info.magnolia.module.activation.BaseSyndicatorImpl 06.10.2015 11:24:22 -- Exchange: activation succeeded [/server/i18n]
INFO   info.magnolia.module.activation.BaseSyndicatorImpl 06.10.2015 11:24:27 -- Exchange: activation succeeded [/server/security]
INFO   info.magnolia.module.activation.BaseSyndicatorImpl 06.10.2015 11:24:29 -- Exchange: activation succeeded [/server/rendering]
INFO   info.magnolia.module.activation.BaseSyndicatorImpl 06.10.2015 11:24:31 -- Exchange: activation succeeded [/server/MIMEMapping]
INFO   info.magnolia.module.activation.BaseSyndicatorImpl 06.10.2015 11:24:33 -- Exchange: activation succeeded [/server/URI2RepositoryMapping]
INFO   info.magnolia.module.activation.BaseSyndicatorImpl 06.10.2015 11:24:35 -- Exchange: activation succeeded [/server/auditLogging]
INFO   info.magnolia.module.activation.BaseSyndicatorImpl 06.10.2015 11:24:37 -- Exchange: activation succeeded [/server/webContainerResources]
INFO   info.magnolia.module.activation.BaseSyndicatorImpl 06.10.2015 11:24:39 -- Exchange: activation succeeded [/server/activation]
INFO   info.magnolia.module.activation.BaseSyndicatorImpl 06.10.2015 11:24:46 -- Exchange: activation succeeded [/server/install]
INFO   info.magnolia.module.activation.BaseSyndicatorImpl 06.10.2015 11:25:01 -- Exchange: activation succeeded [/modules/core]
INFO   info.magnolia.module.activation.BaseSyndicatorImpl 06.10.2015 11:25:07 -- Exchange: activation succeeded [/modules/dam]
INFO   info.magnolia.module.activation.BaseSyndicatorImpl 06.10.2015 11:25:08 -- Exchange: activation succeeded [/modules/freemarker-support]
INFO   info.magnolia.module.activation.BaseSyndicatorImpl 06.10.2015 11:25:19 -- Exchange: activation succeeded [/modules/lang-el]
INFO   info.magnolia.module.activation.BaseSyndicatorImpl 06.10.2015 11:25:21 -- Exchange: activation succeeded [/modules/activation]
INFO   info.magnolia.module.activation.BaseSyndicatorImpl 06.10.2015 11:25:23 -- Exchange: activation succeeded [/modules/ui-admincentral]
INFO   info.magnolia.module.activation.BaseSyndicatorImpl 06.10.2015 11:25:25 -- Exchange: activation succeeded [/modules/categorization-support]
INFO   info.magnolia.module.activation.BaseSyndicatorImpl 06.10.2015 11:25:27 -- Exchange: activation succeeded [/modules/imaging-support]
INFO   info.magnolia.module.activation.BaseSyndicatorImpl 06.10.2015 11:25:29 -- Exchange: activation succeeded [/modules/resource-loader]
INFO   info.magnolia.module.activation.BaseSyndicatorImpl 06.10.2015 11:25:31 -- Exchange: activation succeeded [/modules/rest-client]
INFO   info.magnolia.module.activation.BaseSyndicatorImpl 06.10.2015 11:25:35 -- Exchange: activation succeeded [/modules/rest-integration]
INFO   info.magnolia.module.activation.BaseSyndicatorImpl 06.10.2015 11:25:37 -- Exchange: activation succeeded [/modules/cache]
INFO   info.magnolia.module.activation.BaseSyndicatorImpl 06.10.2015 11:25:39 -- Exchange: activation succeeded [/modules/config]
INFO   info.magnolia.module.activation.BaseSyndicatorImpl 06.10.2015 11:25:43 -- Exchange: activation succeeded [/modules/rest-services]
INFO   info.magnolia.module.activation.BaseSyndicatorImpl 06.10.2015 11:25:43 -- Exchange: activation succeeded [/modules/rest-services/rest-endpoints]
INFO   info.magnolia.module.activation.BaseSyndicatorImpl 06.10.2015 11:25:53 -- Exchange: activation succeeded [/modules]
INFO   info.magnolia.module.activation.BaseSyndicatorImpl 06.10.2015 11:25:53 -- Exchange: activation succeeded [/modules/lang-de]
INFO   info.magnolia.module.activation.BaseSyndicatorImpl 06.10.2015 11:25:53 -- Exchange: activation succeeded [/modules/tours]
INFO   info.magnolia.module.activation.BaseSyndicatorImpl 06.10.2015 11:25:54 -- Exchange: activation succeeded [/modules/tours/virtualURIMapping]
INFO   info.magnolia.module.activation.BaseSyndicatorImpl 06.10.2015 11:25:58 -- Exchange: activation succeeded [/modules/tours/apps]
INFO   info.magnolia.module.activation.BaseSyndicatorImpl 06.10.2015 11:25:59 -- Exchange: activation succeeded [/modules/tours/config]
INFO   info.magnolia.module.activation.BaseSyndicatorImpl 06.10.2015 11:25:59 -- Exchange: activation succeeded [/modules/lang-zh_TW]
INFO   info.magnolia.module.activation.BaseSyndicatorImpl 06.10.2015 11:25:59 -- Exchange: activation succeeded [/modules/lang-zh_CN]
INFO   info.magnolia.module.activation.BaseSyndicatorImpl 06.10.2015 11:25:59 -- Exchange: activation succeeded [/modules/lang-tr]
INFO   info.magnolia.module.activation.BaseSyndicatorImpl 06.10.2015 11:26:00 -- Exchange: activation succeeded [/modules/lang-sv]
INFO   info.magnolia.module.activation.BaseSyndicatorImpl 06.10.2015 11:26:00 -- Exchange: activation succeeded [/modules/lang-sq]
INFO   info.magnolia.module.activation.BaseSyndicatorImpl 06.10.2015 11:26:00 -- Exchange: activation succeeded [/modules/lang-sk]
INFO   info.magnolia.module.activation.BaseSyndicatorImpl 06.10.2015 11:26:01 -- Exchange: activation succeeded [/modules/lang-ru]
INFO   info.magnolia.module.activation.BaseSyndicatorImpl 06.10.2015 11:26:01 -- Exchange: activation succeeded [/modules/lang-pt_BR]
INFO   info.magnolia.module.activation.BaseSyndicatorImpl 06.10.2015 11:26:01 -- Exchange: activation succeeded [/modules/lang-pt]
INFO   info.magnolia.module.activation.BaseSyndicatorImpl 06.10.2015 11:26:01 -- Exchange: activation succeeded [/modules/lang-pl]
INFO   info.magnolia.module.activation.BaseSyndicatorImpl 06.10.2015 11:26:02 -- Exchange: activation succeeded [/modules/lang-no]
INFO   info.magnolia.module.activation.BaseSyndicatorImpl 06.10.2015 11:26:02 -- Exchange: activation succeeded [/modules/lang-nl]
INFO   info.magnolia.module.activation.BaseSyndicatorImpl 06.10.2015 11:26:02 -- Exchange: activation succeeded [/modules/lang-ja]
INFO   info.magnolia.module.activation.BaseSyndicatorImpl 06.10.2015 11:26:02 -- Exchange: activation succeeded [/modules/lang-it]
INFO   info.magnolia.module.activation.BaseSyndicatorImpl 06.10.2015 11:26:03 -- Exchange: activation succeeded [/modules/lang-id]
INFO   info.magnolia.module.activation.BaseSyndicatorImpl 06.10.2015 11:26:03 -- Exchange: activation succeeded [/modules/lang-hu]
INFO   info.magnolia.module.activation.BaseSyndicatorImpl 06.10.2015 11:26:03 -- Exchange: activation succeeded [/modules/lang-hr]
INFO   info.magnolia.module.activation.BaseSyndicatorImpl 06.10.2015 11:26:03 -- Exchange: activation succeeded [/modules/lang-he]
INFO   info.magnolia.module.activation.BaseSyndicatorImpl 06.10.2015 11:26:04 -- Exchange: activation succeeded [/modules/lang-fr]
INFO   info.magnolia.module.activation.BaseSyndicatorImpl 06.10.2015 11:26:04 -- Exchange: activation succeeded [/modules/lang-fi]
INFO   info.magnolia.module.activation.BaseSyndicatorImpl 06.10.2015 11:26:04 -- Exchange: activation succeeded [/modules/lang-es]
INFO   info.magnolia.module.activation.BaseSyndicatorImpl 06.10.2015 11:26:04 -- Exchange: activation succeeded [/modules/lang-cs]
INFO   info.magnolia.module.activation.BaseSyndicatorImpl 06.10.2015 11:26:05 -- Exchange: activation succeeded [/modules/lang-ar]
INFO   info.magnolia.module.activation.BaseSyndicatorImpl 06.10.2015 11:26:05 -- Exchange: activation succeeded [/modules/categorization]
INFO   info.magnolia.module.activation.BaseSyndicatorImpl 06.10.2015 11:26:05 -- Exchange: activation succeeded [/modules/categorization/commands]
INFO   info.magnolia.module.activation.BaseSyndicatorImpl 06.10.2015 11:26:05 -- Exchange: activation succeeded [/modules/categorization/commands/categorization]
INFO   info.magnolia.module.activation.BaseSyndicatorImpl 06.10.2015 11:26:06 -- Exchange: activation succeeded [/modules/categorization/templates]
INFO   info.magnolia.module.activation.BaseSyndicatorImpl 06.10.2015 11:26:06 -- Exchange: activation succeeded [/modules/categorization/templates/components]
INFO   info.magnolia.module.activation.BaseSyndicatorImpl 06.10.2015 11:26:06 -- Exchange: activation succeeded [/modules/dam-jcr]
INFO   info.magnolia.module.activation.BaseSyndicatorImpl 06.10.2015 11:26:06 -- Exchange: activation succeeded [/modules/categorization/templates/pages]
INFO   info.magnolia.module.activation.BaseSyndicatorImpl 06.10.2015 11:26:07 -- Exchange: activation succeeded [/modules/categorization/dialogs]
INFO   info.magnolia.module.activation.BaseSyndicatorImpl 06.10.2015 11:26:07 -- Exchange: activation succeeded [/modules/categorization/dialogs/generic]
INFO   info.magnolia.module.activation.BaseSyndicatorImpl 06.10.2015 11:26:08 -- Exchange: activation succeeded [/modules/ehcache]
INFO   info.magnolia.module.activation.BaseSyndicatorImpl 06.10.2015 11:26:11 -- Exchange: activation succeeded [/modules/rendering]
INFO   info.magnolia.module.activation.BaseSyndicatorImpl 06.10.2015 11:26:12 -- Exchange: activation succeeded [/modules/categorization/apps]
INFO   info.magnolia.module.activation.BaseSyndicatorImpl 06.10.2015 11:26:12 -- Exchange: activation succeeded [/modules/travel-demo]
INFO   info.magnolia.module.activation.BaseSyndicatorImpl 06.10.2015 11:26:13 -- Exchange: activation succeeded [/modules/travel-demo/config]
INFO   info.magnolia.module.activation.BaseSyndicatorImpl 06.10.2015 11:26:13 -- Exchange: activation succeeded [/modules/rssaggregator]
INFO   info.magnolia.module.activation.BaseSyndicatorImpl 06.10.2015 11:26:14 -- Exchange: activation succeeded [/modules/rssaggregator/templates]
INFO   info.magnolia.module.activation.BaseSyndicatorImpl 06.10.2015 11:26:14 -- Exchange: activation succeeded [/modules/rssaggregator/templates/components]
INFO   info.magnolia.module.activation.BaseSyndicatorImpl 06.10.2015 11:26:14 -- Exchange: activation succeeded [/modules/rssaggregator/virtualURIMapping]
INFO   info.magnolia.module.activation.BaseSyndicatorImpl 06.10.2015 11:26:14 -- Exchange: activation succeeded [/modules/ui-framework]
INFO   info.magnolia.module.activation.BaseSyndicatorImpl 06.10.2015 11:26:16 -- Exchange: activation succeeded [/modules/rssaggregator/dialogs]
INFO   info.magnolia.module.activation.BaseSyndicatorImpl 06.10.2015 11:26:17 -- Exchange: activation succeeded [/modules/rssaggregator/commands]
INFO   info.magnolia.module.activation.BaseSyndicatorImpl 06.10.2015 11:26:17 -- Exchange: activation succeeded [/modules/rssaggregator/commands/rss]
INFO   info.magnolia.module.activation.BaseSyndicatorImpl 06.10.2015 11:26:17 -- Exchange: activation succeeded [/modules/rssaggregator/commands/planet]
INFO   info.magnolia.module.activation.BaseSyndicatorImpl 06.10.2015 11:26:17 -- Exchange: activation succeeded [/modules/imaging]
INFO   info.magnolia.module.activation.BaseSyndicatorImpl 06.10.2015 11:26:18 -- Exchange: activation succeeded [/modules/rssaggregator/config]
INFO   info.magnolia.module.activation.BaseSyndicatorImpl 06.10.2015 11:26:18 -- Exchange: activation succeeded [/modules/rssaggregator/config/feedGenerators]
INFO   info.magnolia.module.activation.BaseSyndicatorImpl 06.10.2015 11:26:18 -- Exchange: activation succeeded [/modules/rssaggregator/fieldTypes]
INFO   info.magnolia.module.activation.BaseSyndicatorImpl 06.10.2015 11:26:21 -- Exchange: activation succeeded [/modules/resteasy-client]
INFO   info.magnolia.module.activation.BaseSyndicatorImpl 06.10.2015 11:26:21 -- Exchange: activation succeeded [/modules/rssaggregator/apps]
INFO   info.magnolia.module.activation.BaseSyndicatorImpl 06.10.2015 11:26:22 -- Exchange: activation succeeded [/modules/mte]
INFO   info.magnolia.module.activation.BaseSyndicatorImpl 06.10.2015 11:26:22 -- Exchange: activation succeeded [/modules/mte/dialogs]
INFO   info.magnolia.module.activation.BaseSyndicatorImpl 06.10.2015 11:26:22 -- Exchange: activation succeeded [/modules/mte/dialogs/generic]
INFO   info.magnolia.module.activation.BaseSyndicatorImpl 06.10.2015 11:26:22 -- Exchange: activation succeeded [/modules/lang-da]
INFO   info.magnolia.module.activation.BaseSyndicatorImpl 06.10.2015 11:26:22 -- Exchange: activation succeeded [/modules/commenting]
INFO   info.magnolia.module.activation.BaseSyndicatorImpl 06.10.2015 11:26:23 -- Exchange: activation succeeded [/modules/commenting/templates]
INFO   info.magnolia.module.activation.BaseSyndicatorImpl 06.10.2015 11:26:23 -- Exchange: activation succeeded [/modules/commenting/templates/components]
INFO   info.magnolia.module.activation.BaseSyndicatorImpl 06.10.2015 11:26:23 -- Exchange: activation succeeded [/modules/commenting/dialogs]
INFO   info.magnolia.module.activation.BaseSyndicatorImpl 06.10.2015 11:26:23 -- Exchange: activation succeeded [/modules/commenting/config]
INFO   info.magnolia.module.activation.BaseSyndicatorImpl 06.10.2015 11:26:24 -- Exchange: activation succeeded [/modules/site-app]
INFO   info.magnolia.module.activation.BaseSyndicatorImpl 06.10.2015 11:26:24 -- Exchange: activation succeeded [/modules/site-app/apps]
INFO   info.magnolia.module.activation.BaseSyndicatorImpl 06.10.2015 11:26:24 -- Exchange: activation succeeded [/modules/mte-imaging]
INFO   info.magnolia.module.activation.BaseSyndicatorImpl 06.10.2015 11:26:24 -- Exchange: activation succeeded [/modules/google-sitemap]
INFO   info.magnolia.module.activation.BaseSyndicatorImpl 06.10.2015 11:26:25 -- Exchange: activation succeeded [/modules/google-sitemap/virtualURIMapping]
INFO   info.magnolia.module.activation.BaseSyndicatorImpl 06.10.2015 11:26:25 -- Exchange: activation succeeded [/modules/scheduler]
INFO   info.magnolia.module.activation.BaseSyndicatorImpl 06.10.2015 11:26:25 -- Exchange: activation succeeded [/modules/scheduler/config]
INFO   info.magnolia.module.activation.BaseSyndicatorImpl 06.10.2015 11:26:25 -- Exchange: activation succeeded [/modules/scheduler/config/jobs]
INFO   info.magnolia.module.activation.BaseSyndicatorImpl 06.10.2015 11:26:26 -- Exchange: activation succeeded [/modules/scheduler/messageViews]
INFO   info.magnolia.module.activation.BaseSyndicatorImpl 06.10.2015 11:26:27 -- Exchange: activation succeeded [/modules/google-sitemap/fieldTypes]
INFO   info.magnolia.module.activation.BaseSyndicatorImpl 06.10.2015 11:26:27 -- Exchange: activation succeeded [/modules/google-sitemap/dialogs]
INFO   info.magnolia.module.activation.BaseSyndicatorImpl 06.10.2015 11:26:27 -- Exchange: activation succeeded [/modules/google-sitemap/dialogs/components]
INFO   info.magnolia.module.activation.BaseSyndicatorImpl 06.10.2015 11:26:28 -- Exchange: activation succeeded [/modules/google-sitemap/dialogs/components/content]
INFO   info.magnolia.module.activation.BaseSyndicatorImpl 06.10.2015 11:26:28 -- Exchange: activation succeeded [/modules/google-sitemap/dialogs/generic]
INFO   info.magnolia.module.activation.BaseSyndicatorImpl 06.10.2015 11:26:29 -- Exchange: activation succeeded [/modules/google-sitemap/dialogs/generic/controls]
INFO   info.magnolia.module.activation.BaseSyndicatorImpl 06.10.2015 11:26:29 -- Exchange: activation succeeded [/modules/google-sitemap/templates]
INFO   info.magnolia.module.activation.BaseSyndicatorImpl 06.10.2015 11:26:29 -- Exchange: activation succeeded [/modules/google-sitemap/templates/pages]
INFO   info.magnolia.module.activation.BaseSyndicatorImpl 06.10.2015 11:26:30 -- Exchange: activation succeeded [/modules/templating]
INFO   info.magnolia.module.activation.BaseSyndicatorImpl 06.10.2015 11:26:31 -- Exchange: activation succeeded [/modules/google-sitemap/apps]
INFO   info.magnolia.module.activation.BaseSyndicatorImpl 06.10.2015 11:26:31 -- Exchange: activation succeeded [/modules/templating/templates]
INFO   info.magnolia.module.activation.BaseSyndicatorImpl 06.10.2015 11:26:31 -- Exchange: activation succeeded [/modules/google-sitemap/config]
INFO   info.magnolia.module.activation.BaseSyndicatorImpl 06.10.2015 11:26:31 -- Exchange: activation succeeded [/modules/templating/renderers]
INFO   info.magnolia.module.activation.BaseSyndicatorImpl 06.10.2015 11:26:31 -- Exchange: activation succeeded [/modules/forum]
INFO   info.magnolia.module.activation.BaseSyndicatorImpl 06.10.2015 11:26:32 -- Exchange: activation succeeded [/modules/forum/templates]
INFO   info.magnolia.module.activation.BaseSyndicatorImpl 06.10.2015 11:26:32 -- Exchange: activation succeeded [/modules/forum/templates/components]
INFO   info.magnolia.module.activation.BaseSyndicatorImpl 06.10.2015 11:26:32 -- Exchange: activation succeeded [/modules/forum/commands]
INFO   info.magnolia.module.activation.BaseSyndicatorImpl 06.10.2015 11:26:32 -- Exchange: activation succeeded [/modules/forum/commands/forum]
INFO   info.magnolia.module.activation.BaseSyndicatorImpl 06.10.2015 11:26:34 -- Exchange: activation succeeded [/modules/forum/dialogs]
INFO   info.magnolia.module.activation.BaseSyndicatorImpl 06.10.2015 11:26:34 -- Exchange: activation succeeded [/modules/forum/apps]
INFO   info.magnolia.module.activation.BaseSyndicatorImpl 06.10.2015 11:26:34 -- Exchange: activation succeeded [/modules/forum/config]
INFO   info.magnolia.module.activation.BaseSyndicatorImpl 06.10.2015 11:26:35 -- Exchange: activation succeeded [/modules/forum/pages]
INFO   info.magnolia.module.activation.BaseSyndicatorImpl 06.10.2015 11:26:35 -- Exchange: activation succeeded [/modules/form]
INFO   info.magnolia.module.activation.BaseSyndicatorImpl 06.10.2015 11:26:35 -- Exchange: activation succeeded [/modules/form/templates]
INFO   info.magnolia.module.activation.BaseSyndicatorImpl 06.10.2015 11:26:36 -- Exchange: activation succeeded [/modules/form/templates/components]
INFO   info.magnolia.module.activation.BaseSyndicatorImpl 06.10.2015 11:26:36 -- Exchange: activation succeeded [/modules/form/config]
INFO   info.magnolia.module.activation.BaseSyndicatorImpl 06.10.2015 11:26:36 -- Exchange: activation succeeded [/modules/form/config/validators]
INFO   info.magnolia.module.activation.BaseSyndicatorImpl 06.10.2015 11:26:38 -- Exchange: activation succeeded [/modules/form/dialogs]
INFO   info.magnolia.module.activation.BaseSyndicatorImpl 06.10.2015 11:26:38 -- Exchange: activation succeeded [/modules/dam-templating]
INFO   info.magnolia.module.activation.BaseSyndicatorImpl 06.10.2015 11:26:38 -- Exchange: activation succeeded [/modules/dam-imaging]
INFO   info.magnolia.module.activation.BaseSyndicatorImpl 06.10.2015 11:26:38 -- Exchange: activation succeeded [/modules/dam-app]
INFO   info.magnolia.module.activation.BaseSyndicatorImpl 06.10.2015 11:26:38 -- Exchange: activation succeeded [/modules/dam-app/config]
INFO   info.magnolia.module.activation.BaseSyndicatorImpl 06.10.2015 11:26:40 -- Exchange: activation succeeded [/modules/dam-app/apps]
INFO   info.magnolia.module.activation.BaseSyndicatorImpl 06.10.2015 11:26:40 -- Exchange: activation succeeded [/modules/dam-app/fieldTypes]
INFO   info.magnolia.module.activation.BaseSyndicatorImpl 06.10.2015 11:26:41 -- Exchange: activation succeeded [/modules/dam-app/commands]
INFO   info.magnolia.module.activation.BaseSyndicatorImpl 06.10.2015 11:26:41 -- Exchange: activation succeeded [/modules/dam-app/commands/dam]
INFO   info.magnolia.module.activation.BaseSyndicatorImpl 06.10.2015 11:26:41 -- Exchange: activation succeeded [/modules/dam-app/dialogs]
INFO   info.magnolia.module.activation.BaseSyndicatorImpl 06.10.2015 11:26:41 -- Exchange: activation succeeded [/modules/contacts]
INFO   info.magnolia.module.activation.BaseSyndicatorImpl 06.10.2015 11:26:43 -- Exchange: activation succeeded [/modules/contacts/apps]
INFO   info.magnolia.module.activation.BaseSyndicatorImpl 06.10.2015 11:26:43 -- Exchange: activation succeeded [/modules/contacts/dialogs]
INFO   info.magnolia.module.activation.BaseSyndicatorImpl 06.10.2015 11:26:44 -- Exchange: activation succeeded [/modules/cache-browser-app]
INFO   info.magnolia.module.activation.BaseSyndicatorImpl 06.10.2015 11:26:44 -- Exchange: activation succeeded [/modules/cache-browser-app/rest-endpoints]
INFO   info.magnolia.module.activation.BaseSyndicatorImpl 06.10.2015 11:26:45 -- Exchange: activation succeeded [/modules/cache-browser-app/dialogs]
INFO   info.magnolia.module.activation.BaseSyndicatorImpl 06.10.2015 11:26:45 -- Exchange: activation succeeded [/modules/ui-contentapp]
INFO   info.magnolia.module.activation.BaseSyndicatorImpl 06.10.2015 11:26:45 -- Exchange: activation succeeded [/modules/site]
INFO   info.magnolia.module.activation.BaseSyndicatorImpl 06.10.2015 11:26:46 -- Exchange: activation succeeded [/modules/site/renderers]
INFO   info.magnolia.module.activation.BaseSyndicatorImpl 06.10.2015 11:26:46 -- Exchange: activation succeeded [/modules/site/config]
INFO   info.magnolia.module.activation.BaseSyndicatorImpl 06.10.2015 11:26:46 -- Exchange: activation succeeded [/modules/site/config/themes]
INFO   info.magnolia.module.activation.BaseSyndicatorImpl 06.10.2015 11:26:46 -- Exchange: activation succeeded [/modules/ui-mediaeditor]
INFO   info.magnolia.module.activation.BaseSyndicatorImpl 06.10.2015 11:26:48 -- Exchange: activation succeeded [/modules/resources]
INFO   info.magnolia.module.activation.BaseSyndicatorImpl 06.10.2015 11:26:50 -- Exchange: activation succeeded [/modules/task-management]
INFO   info.magnolia.module.activation.BaseSyndicatorImpl 06.10.2015 11:26:51 -- Exchange: activation succeeded [/modules/security-app]
INFO   info.magnolia.module.activation.BaseSyndicatorImpl 06.10.2015 11:26:52 -- Exchange: activation succeeded [/modules/security-app/apps]
INFO   info.magnolia.module.activation.BaseSyndicatorImpl 06.10.2015 11:26:52 -- Exchange: activation succeeded [/modules/templating-jsp]
INFO   info.magnolia.module.activation.BaseSyndicatorImpl 06.10.2015 11:26:53 -- Exchange: activation succeeded [/modules/security-app/dialogs]
INFO   info.magnolia.module.activation.BaseSyndicatorImpl 06.10.2015 11:26:53 -- Exchange: activation succeeded [/modules/security-app/fieldTypes]
INFO   info.magnolia.module.activation.BaseSyndicatorImpl 06.10.2015 11:26:54 -- Exchange: activation succeeded [/modules/sample-app]
INFO   info.magnolia.module.activation.BaseSyndicatorImpl 06.10.2015 11:26:54 -- Exchange: activation succeeded [/modules/sample-app/apps]
INFO   info.magnolia.module.activation.BaseSyndicatorImpl 06.10.2015 11:26:54 -- Exchange: activation succeeded [/modules/resources-app]
INFO   info.magnolia.module.activation.BaseSyndicatorImpl 06.10.2015 11:26:55 -- Exchange: activation succeeded [/modules/resources-app/dialogs]
INFO   info.magnolia.module.activation.BaseSyndicatorImpl 06.10.2015 11:26:57 -- Exchange: activation succeeded [/modules/about-app]
INFO   info.magnolia.module.activation.BaseSyndicatorImpl 06.10.2015 11:26:58 -- Exchange: activation succeeded [/modules/resources-app/apps]
INFO   info.magnolia.module.activation.BaseSyndicatorImpl 06.10.2015 11:26:58 -- Exchange: activation succeeded [/modules/pages]
INFO   info.magnolia.module.activation.BaseSyndicatorImpl 06.10.2015 11:26:59 -- Exchange: activation succeeded [/modules/pages/dialogs]
INFO   info.magnolia.module.activation.BaseSyndicatorImpl 06.10.2015 11:27:01 -- Exchange: activation succeeded [/modules/adminInterface]
INFO   info.magnolia.module.activation.BaseSyndicatorImpl 06.10.2015 11:27:01 -- Exchange: activation succeeded [/modules/pages/apps]
INFO   info.magnolia.module.activation.BaseSyndicatorImpl 06.10.2015 11:27:02 -- Exchange: activation succeeded [/modules/pages/fieldTypes]
INFO   info.magnolia.module.activation.BaseSyndicatorImpl 06.10.2015 11:27:02 -- Exchange: activation succeeded [/modules/pages/commands]
INFO   info.magnolia.module.activation.BaseSyndicatorImpl 06.10.2015 11:27:02 -- Exchange: activation succeeded [/modules/pages/commands/website]
INFO   info.magnolia.module.activation.BaseSyndicatorImpl 06.10.2015 11:27:02 -- Exchange: activation succeeded [/modules/messages-app]
INFO   info.magnolia.module.activation.BaseSyndicatorImpl 06.10.2015 11:27:02 -- Exchange: activation succeeded [/modules/messages-app/apps]
INFO   info.magnolia.module.activation.BaseSyndicatorImpl 06.10.2015 11:27:03 -- Exchange: activation succeeded [/modules/mail]
INFO   info.magnolia.module.activation.BaseSyndicatorImpl 06.10.2015 11:27:03 -- Exchange: activation succeeded [/modules/mail/commands]
INFO   info.magnolia.module.activation.BaseSyndicatorImpl 06.10.2015 11:27:03 -- Exchange: activation succeeded [/modules/mail/commands/default]
INFO   info.magnolia.module.activation.BaseSyndicatorImpl 06.10.2015 11:27:03 -- Exchange: activation succeeded [/modules/mail/config]
INFO   info.magnolia.module.activation.BaseSyndicatorImpl 06.10.2015 11:27:03 -- Exchange: activation succeeded [/modules/cache-app]
INFO   info.magnolia.module.activation.BaseSyndicatorImpl 06.10.2015 11:27:03 -- Exchange: activation succeeded [/modules/mail/config/templatesConfiguration]
INFO   info.magnolia.module.activation.BaseSyndicatorImpl 06.10.2015 11:27:03 -- Exchange: activation succeeded [/modules/mail/fieldTypes]
INFO   info.magnolia.module.activation.BaseSyndicatorImpl 06.10.2015 11:27:04 -- Exchange: activation succeeded [/modules/mail/apps]
INFO   info.magnolia.module.activation.BaseSyndicatorImpl 06.10.2015 11:27:04 -- Exchange: activation succeeded [/modules/inplace-templating]
INFO   info.magnolia.module.activation.BaseSyndicatorImpl 06.10.2015 11:27:04 -- Exchange: activation succeeded [/modules/inplace-templating/dialogs]
INFO   info.magnolia.module.activation.BaseSyndicatorImpl 06.10.2015 11:27:05 -- Exchange: activation succeeded [/modules/inplace-templating/commands]
INFO   info.magnolia.module.activation.BaseSyndicatorImpl 06.10.2015 11:27:05 -- Exchange: activation succeeded [/modules/inplace-templating/commands/templating]
INFO   info.magnolia.module.activation.BaseSyndicatorImpl 06.10.2015 11:27:05 -- Exchange: activation succeeded [/modules/inplace-templating/config]
INFO   info.magnolia.module.activation.BaseSyndicatorImpl 06.10.2015 11:27:07 -- Exchange: activation succeeded [/modules/inplace-templating/apps]
INFO   info.magnolia.module.activation.BaseSyndicatorImpl 06.10.2015 11:27:07 -- Exchange: activation succeeded [/modules/groovy]
INFO   info.magnolia.module.activation.BaseSyndicatorImpl 06.10.2015 11:27:09 -- Exchange: activation succeeded [/modules/groovy]
INFO   info.magnolia.module.activation.BaseSyndicatorImpl 06.10.2015 11:27:09 -- Exchange: activation succeeded [/modules/groovy/fieldTypes]
INFO   info.magnolia.module.activation.BaseSyndicatorImpl 06.10.2015 11:27:09 -- Exchange: activation succeeded [/modules/groovy/dialogs]
INFO   info.magnolia.module.activation.BaseSyndicatorImpl 06.10.2015 11:27:11 -- Exchange: activation succeeded [/modules/groovy/apps]
INFO   info.magnolia.module.activation.BaseSyndicatorImpl 06.10.2015 11:27:11 -- Exchange: activation succeeded [/modules/cache-app]
INFO   info.magnolia.module.activation.BaseSyndicatorImpl 06.10.2015 11:27:12 -- Exchange: activation succeeded [/modules/cache-app/fieldTypes]
INFO   info.magnolia.module.activation.BaseSyndicatorImpl 06.10.2015 11:27:12 -- Exchange: activation succeeded [/modules/cache-app/apps]
INFO   info.magnolia.module.activation.BaseSyndicatorImpl 06.10.2015 11:27:12 -- Exchange: activation succeeded [/modules/adminInterface]
INFO   info.magnolia.module.activation.BaseSyndicatorImpl 06.10.2015 11:27:13 -- Exchange: activation succeeded [/modules/adminInterface/virtualURIMapping]
INFO   info.magnolia.module.activation.BaseSyndicatorImpl 06.10.2015 11:27:13 -- Exchange: activation succeeded [/modules/adminInterface/templates]
INFO   info.magnolia.module.activation.BaseSyndicatorImpl 06.10.2015 11:27:13 -- Exchange: activation succeeded [/modules/adminInterface/dialogs]
INFO   info.magnolia.module.activation.BaseSyndicatorImpl 06.10.2015 11:27:13 -- Exchange: activation succeeded [/modules/adminInterface/pages]
INFO   info.magnolia.module.activation.BaseSyndicatorImpl 06.10.2015 11:27:14 -- Exchange: activation succeeded [/modules/adminInterface/trees]
INFO   info.magnolia.module.activation.BaseSyndicatorImpl 06.10.2015 11:27:14 -- Exchange: activation succeeded [/modules/adminInterface/controls]
INFO   info.magnolia.module.activation.BaseSyndicatorImpl 06.10.2015 11:27:14 -- Exchange: activation succeeded [/modules/about-app]
INFO   info.magnolia.module.activation.BaseSyndicatorImpl 06.10.2015 11:27:15 -- Exchange: activation succeeded [/modules/about-app/apps]
INFO   info.magnolia.module.activation.BaseSyndicatorImpl 06.10.2015 11:27:15 -- Exchange: activation succeeded [/modules/templating-jsp]
INFO   info.magnolia.module.activation.BaseSyndicatorImpl 06.10.2015 11:27:15 -- Exchange: activation succeeded [/modules/task-management]
INFO   info.magnolia.module.activation.BaseSyndicatorImpl 06.10.2015 11:27:15 -- Exchange: activation succeeded [/modules/task-management/config]
INFO   info.magnolia.module.activation.BaseSyndicatorImpl 06.10.2015 11:27:15 -- Exchange: activation succeeded [/modules/resources]
INFO   info.magnolia.module.activation.BaseSyndicatorImpl 06.10.2015 11:27:16 -- Exchange: activation succeeded [/modules/resources/renderers]
INFO   info.magnolia.module.activation.BaseSyndicatorImpl 06.10.2015 11:27:16 -- Exchange: activation succeeded [/modules/resources/templates]
INFO   info.magnolia.module.activation.BaseSyndicatorImpl 06.10.2015 11:27:16 -- Exchange: activation succeeded [/modules/resources/commands]
INFO   info.magnolia.module.activation.BaseSyndicatorImpl 06.10.2015 11:27:16 -- Exchange: activation succeeded [/modules/resources/commands/resources]
INFO   info.magnolia.module.activation.BaseSyndicatorImpl 06.10.2015 11:27:16 -- Exchange: activation succeeded [/modules/resources/config]
INFO   info.magnolia.module.activation.BaseSyndicatorImpl 06.10.2015 11:27:17 -- Exchange: activation succeeded [/modules/resources/config/resourceLoaders]
INFO   info.magnolia.module.activation.BaseSyndicatorImpl 06.10.2015 11:27:17 -- Exchange: activation succeeded [/modules/ui-mediaeditor]
INFO   info.magnolia.module.activation.BaseSyndicatorImpl 06.10.2015 11:27:17 -- Exchange: activation succeeded [/modules/ui-mediaeditor/mediaEditors]
INFO   info.magnolia.module.activation.BaseSyndicatorImpl 06.10.2015 11:27:17 -- Exchange: activation succeeded [/modules/templating]
INFO   info.magnolia.module.activation.BaseSyndicatorImpl 06.10.2015 11:27:17 -- Exchange: activation succeeded [/modules/templating/templates]
INFO   info.magnolia.module.activation.BaseSyndicatorImpl 06.10.2015 11:27:18 -- Exchange: activation succeeded [/modules/templating/renderers]
INFO   info.magnolia.module.activation.BaseSyndicatorImpl 06.10.2015 11:27:18 -- Exchange: activation succeeded [/modules/scheduler]
INFO   info.magnolia.module.activation.BaseSyndicatorImpl 06.10.2015 11:27:18 -- Exchange: activation succeeded [/modules/scheduler/config]
INFO   info.magnolia.module.activation.BaseSyndicatorImpl 06.10.2015 11:27:18 -- Exchange: activation succeeded [/modules/scheduler/config/jobs]
INFO   info.magnolia.module.activation.BaseSyndicatorImpl 06.10.2015 11:27:19 -- Exchange: activation succeeded [/modules/scheduler/messageViews]
INFO   info.magnolia.module.activation.BaseSyndicatorImpl 06.10.2015 11:27:19 -- Exchange: activation succeeded [/modules/resteasy-client]
INFO   info.magnolia.module.activation.BaseSyndicatorImpl 06.10.2015 11:27:19 -- Exchange: activation succeeded [/modules/imaging]
INFO   info.magnolia.module.activation.BaseSyndicatorImpl 06.10.2015 11:27:19 -- Exchange: activation succeeded [/modules/imaging/config]
INFO   info.magnolia.module.activation.BaseSyndicatorImpl 06.10.2015 11:27:19 -- Exchange: activation succeeded [/modules/imaging/config/generators]
INFO   info.magnolia.module.activation.BaseSyndicatorImpl 06.10.2015 11:27:19 -- Exchange: activation succeeded [/modules/imaging/trees]
INFO   info.magnolia.module.activation.BaseSyndicatorImpl 06.10.2015 11:27:20 -- Exchange: activation succeeded [/modules/ui-framework]
INFO   info.magnolia.module.activation.BaseSyndicatorImpl 06.10.2015 11:27:20 -- Exchange: activation succeeded [/modules/ui-framework/fieldTypes]
INFO   info.magnolia.module.activation.BaseSyndicatorImpl 06.10.2015 11:27:20 -- Exchange: activation succeeded [/modules/ui-framework/commands]
INFO   info.magnolia.module.activation.BaseSyndicatorImpl 06.10.2015 11:27:20 -- Exchange: activation succeeded [/modules/ui-framework/commands/default]
INFO   info.magnolia.module.activation.BaseSyndicatorImpl 06.10.2015 11:27:21 -- Exchange: activation succeeded [/modules/ui-framework/dialogs]
INFO   info.magnolia.module.activation.BaseSyndicatorImpl 06.10.2015 11:27:21 -- Exchange: activation succeeded [/modules/ui-framework/dialogs/generic]
INFO   info.magnolia.module.activation.BaseSyndicatorImpl 06.10.2015 11:27:21 -- Exchange: activation succeeded [/modules/rendering]
INFO   info.magnolia.module.activation.BaseSyndicatorImpl 06.10.2015 11:27:21 -- Exchange: activation succeeded [/modules/rendering/renderers]
INFO   info.magnolia.module.activation.BaseSyndicatorImpl 06.10.2015 11:27:22 -- Exchange: activation succeeded [/modules/ehcache]
INFO   info.magnolia.module.activation.BaseSyndicatorImpl 06.10.2015 11:27:22 -- Exchange: activation succeeded [/modules/dam-jcr]
INFO   info.magnolia.module.activation.BaseSyndicatorImpl 06.10.2015 11:27:22 -- Exchange: activation succeeded [/modules/rest-services]
INFO   info.magnolia.module.activation.BaseSyndicatorImpl 06.10.2015 11:27:22 -- Exchange: activation succeeded [/modules/rest-services/rest-endpoints]
INFO   info.magnolia.module.activation.BaseSyndicatorImpl 06.10.2015 11:27:22 -- Exchange: activation succeeded [/modules/config]
INFO   info.magnolia.module.activation.BaseSyndicatorImpl 06.10.2015 11:27:23 -- Exchange: activation succeeded [/modules/cache]
INFO   info.magnolia.module.activation.BaseSyndicatorImpl 06.10.2015 11:27:23 -- Exchange: activation succeeded [/modules/cache/commands]
INFO   info.magnolia.module.activation.BaseSyndicatorImpl 06.10.2015 11:27:23 -- Exchange: activation succeeded [/modules/cache/commands/cache]
INFO   info.magnolia.module.activation.BaseSyndicatorImpl 06.10.2015 11:27:23 -- Exchange: activation succeeded [/modules/cache/config]
INFO   info.magnolia.module.activation.BaseSyndicatorImpl 06.10.2015 11:27:24 -- Exchange: activation succeeded [/modules/cache/config/contentCaching]
INFO   info.magnolia.module.activation.BaseSyndicatorImpl 06.10.2015 11:27:24 -- Exchange: activation succeeded [/modules/rest-integration]
INFO   info.magnolia.module.activation.BaseSyndicatorImpl 06.10.2015 11:27:24 -- Exchange: activation succeeded [/modules/rest-integration/config]
INFO   info.magnolia.module.activation.BaseSyndicatorImpl 06.10.2015 11:27:24 -- Exchange: activation succeeded [/modules/rest-client]
INFO   info.magnolia.module.activation.BaseSyndicatorImpl 06.10.2015 11:27:24 -- Exchange: activation succeeded [/modules/resource-loader]
INFO   info.magnolia.module.activation.BaseSyndicatorImpl 06.10.2015 11:27:25 -- Exchange: activation succeeded [/modules/imaging-support]
INFO   info.magnolia.module.activation.BaseSyndicatorImpl 06.10.2015 11:27:25 -- Exchange: activation succeeded [/modules/categorization-support]
INFO   info.magnolia.module.activation.BaseSyndicatorImpl 06.10.2015 11:27:25 -- Exchange: activation succeeded [/modules/ui-admincentral]
INFO   info.magnolia.module.activation.BaseSyndicatorImpl 06.10.2015 11:27:26 -- Exchange: activation succeeded [/modules/ui-admincentral/apps]
INFO   info.magnolia.module.activation.BaseSyndicatorImpl 06.10.2015 11:27:26 -- Exchange: activation succeeded [/modules/ui-admincentral/virtualURIMapping]
INFO   info.magnolia.module.activation.BaseSyndicatorImpl 06.10.2015 11:27:26 -- Exchange: activation succeeded [/modules/ui-admincentral/config]
INFO   info.magnolia.module.activation.BaseSyndicatorImpl 06.10.2015 11:27:27 -- Exchange: activation succeeded [/modules/ui-admincentral/messageViews]
INFO   info.magnolia.module.activation.BaseSyndicatorImpl 06.10.2015 11:27:27 -- Exchange: activation succeeded [/modules/ui-admincentral/templates]
INFO   info.magnolia.module.activation.BaseSyndicatorImpl 06.10.2015 11:27:27 -- Exchange: activation succeeded [/modules/ui-admincentral/dialogs]
INFO   info.magnolia.module.activation.BaseSyndicatorImpl 06.10.2015 11:27:27 -- Exchange: activation succeeded [/modules/ui-admincentral/commands]
INFO   info.magnolia.module.activation.BaseSyndicatorImpl 06.10.2015 11:27:27 -- Exchange: activation succeeded [/modules/ui-admincentral/commands/default]
INFO   info.magnolia.module.activation.BaseSyndicatorImpl 06.10.2015 11:27:28 -- Exchange: activation succeeded [/modules/activation]
INFO   info.magnolia.module.activation.BaseSyndicatorImpl 06.10.2015 11:27:28 -- Exchange: activation succeeded [/modules/activation/virtualURIMapping]
INFO   info.magnolia.module.activation.BaseSyndicatorImpl 06.10.2015 11:27:28 -- Exchange: activation succeeded [/modules/activation/config]
INFO   info.magnolia.module.activation.BaseSyndicatorImpl 06.10.2015 11:27:28 -- Exchange: activation succeeded [/modules/activation/commands]
INFO   info.magnolia.module.activation.BaseSyndicatorImpl 06.10.2015 11:27:28 -- Exchange: activation succeeded [/modules/activation/commands/versioned]
INFO   info.magnolia.module.activation.BaseSyndicatorImpl 06.10.2015 11:27:28 -- Exchange: activation succeeded [/modules/activation/commands/default]
INFO   info.magnolia.module.activation.BaseSyndicatorImpl 06.10.2015 11:27:29 -- Exchange: activation succeeded [/modules/activation/apps]
INFO   info.magnolia.module.activation.BaseSyndicatorImpl 06.10.2015 11:27:29 -- Exchange: activation succeeded [/modules/lang-el]
INFO   info.magnolia.module.activation.BaseSyndicatorImpl 06.10.2015 11:27:29 -- Exchange: activation succeeded [/modules/freemarker-support]
INFO   info.magnolia.module.activation.BaseSyndicatorImpl 06.10.2015 11:27:29 -- Exchange: activation succeeded [/modules/dam]
INFO   info.magnolia.module.activation.BaseSyndicatorImpl 06.10.2015 11:27:29 -- Exchange: activation succeeded [/modules/dam/config]
INFO   info.magnolia.module.activation.BaseSyndicatorImpl 06.10.2015 11:27:30 -- Exchange: activation succeeded [/modules/core]
INFO   info.magnolia.module.activation.BaseSyndicatorImpl 06.10.2015 11:45:42 -- Exchange: activation succeeded [/server/activation/subscribers/saeedVM8080]
INFO   info.magnolia.module.activation.BaseSyndicatorImpl 06.10.2015 14:35:21 -- Exchange: activation succeeded [/travel/about]
INFO   info.magnolia.module.activation.BaseSyndicatorImpl 06.10.2015 14:41:01 -- Exchange: activation succeeded [/travel/about]
INFO   info.magnolia.module.activation.BaseSyndicatorImpl 06.10.2015 14:41:29 -- Exchange: activation succeeded [/server/activation/subscribers/saeedVM8080/subscriptions]
INFO   info.magnolia.module.activation.BaseSyndicatorImpl 06.10.2015 14:53:20 -- Exchange: activation succeeded [/server/activation/subscribers/saeedVM8080]
INFO   info.magnolia.module.activation.BaseSyndicatorImpl 06.10.2015 14:53:28 -- Exchange: activation succeeded [/server/activation/subscribers/saeedVM8080]
