INFO  06.10.2015 10:17:27  Trying to initialize repositories from: 
    /home/saeed/Testing/magnolia/apache-tomcat-7.0.64/webapps/magnoliaPublic/WEB-INF/bootstrap/public
    /home/saeed/Testing/magnolia/apache-tomcat-7.0.64/webapps/magnoliaPublic/WEB-INF/bootstrap/common
INFO  06.10.2015 10:17:27  Repository [dam] has been initialized.
INFO  06.10.2015 10:17:27  Repository [forum] has been initialized.
INFO  06.10.2015 10:17:27  Repository [contacts] has been initialized.
INFO  06.10.2015 10:17:27  Repository [usergroups] has been initialized.
INFO  06.10.2015 10:17:27  Repository [templates] has been initialized.
INFO  06.10.2015 10:17:27  Repository [magnolia-mgnlSystem] has been initialized.
INFO  06.10.2015 10:17:27  Repository [scripts] has been initialized.
INFO  06.10.2015 10:17:27  Repository [tours] has been initialized.
INFO  06.10.2015 10:17:27  Repository [website] has been initialized.
INFO  06.10.2015 10:17:27  Repository [magnolia-mgnlVersion] has been initialized.
INFO  06.10.2015 10:17:27  Repository [userroles] has been initialized.
INFO  06.10.2015 10:17:27  Repository [googleSitemaps] has been initialized.
INFO  06.10.2015 10:17:27  Repository [profiles] has been initialized.
INFO  06.10.2015 10:17:27  Repository [users] has been initialized.
INFO  06.10.2015 10:17:27  Repository [tasks] has been initialized.
INFO  06.10.2015 10:17:27  Repository [imaging] has been initialized.
INFO  06.10.2015 10:17:27  Repository [category] has been initialized.
INFO  06.10.2015 10:17:27  Repository [rss] has been initialized.
INFO  06.10.2015 10:17:27  Repository [default] has been initialized.
INFO  06.10.2015 10:17:27  Repository [resources] has been initialized.
INFO  06.10.2015 10:17:27  Repository [messages] has been initialized.
INFO  06.10.2015 10:17:27  Repository [config] has been initialized.
INFO  06.10.2015 10:17:27  Repository [dms] has been initialized.
